<?xml version="1.0" encoding="UTF-8"?>
<!-- Generated by org.testng.reporters.JUnitXMLReporter -->
<testsuite ignored="0" hostname="Kishores-MacBook-Air.local" failures="0" tests="2" name="Default test" time="37.047" errors="0" timestamp="2022-01-14T00:53:26 IST">
  <testcase classname="io.cucumber.testng.AbstractTestNGCucumberTests" name="runScenario" time="20.753"/>
  <testcase classname="io.cucumber.testng.AbstractTestNGCucumberTests" name="runScenario" time="15.627"/>
</testsuite> <!-- Default test -->
